00:15:42 **** Incremental Build of configuration Debug for project SPI test ****
make -j12 all 
arm-none-eabi-gcc "../Core/Src/main.c" -mcpu=cortex-m4 -std=gnu11 -g3 -DDEBUG -DUSE_HAL_DRIVER -DSTM32F407xx -c -I../Core/Inc -I../Drivers/STM32F4xx_HAL_Driver/Inc -I../Drivers/STM32F4xx_HAL_Driver/Inc/Legacy -I../Drivers/CMSIS/Device/ST/STM32F4xx/Include -I../Drivers/CMSIS/Include -O0 -ffunction-sections -fdata-sections -Wall -fstack-usage -fcyclomatic-complexity -MMD -MP -MF"Core/Src/main.d" -MT"Core/Src/main.o" --specs=nano.specs -mfpu=fpv4-sp-d16 -mfloat-abi=hard -mthumb -o "Core/Src/main.o"
arm-none-eabi-gcc -o "SPI test.elf" @"objects.list"   -mcpu=cortex-m4 -T"C:\Users\hyeon\Desktop\STM32_Workspace\SPI test\STM32F407VETX_FLASH.ld" --specs=nosys.specs -Wl,-Map="SPI test.map" -Wl,--gc-sections -static --specs=nano.specs -mfpu=fpv4-sp-d16 -mfloat-abi=hard -mthumb -Wl,--start-group -lc -lm -Wl,--end-group
c:\st\stm32cubeide_1.12.1\stm32cubeide\plugins\com.st.stm32cube.ide.mcu.externaltools.gnu-tools-for-stm32.10.3-2021.10.win32_1.0.200.202301161003\tools\arm-none-eabi\bin\ld.exe: ./Core/Src/spi.o:C:/Users/hyeon/Desktop/STM32_Workspace/SPI test/Debug/../Core/Src/spi.c:27: multiple definition of `hspi2'; ./Core/Src/VS1003.o:C:/Users/hyeon/Desktop/STM32_Workspace/SPI test/Debug/../Core/Src/VS1003.c:7: first defined here
c:\st\stm32cubeide_1.12.1\stm32cubeide\plugins\com.st.stm32cube.ide.mcu.externaltools.gnu-tools-for-stm32.10.3-2021.10.win32_1.0.200.202301161003\tools\arm-none-eabi\bin\ld.exe: ./Core/Src/VS1003.o: in function `VS1003_SPI_Init':
C:/Users/hyeon/Desktop/STM32_Workspace/SPI test/Debug/../Core/Src/VS1003.c:29: undefined reference to `_Error_Handler'
c:\st\stm32cubeide_1.12.1\stm32cubeide\plugins\com.st.stm32cube.ide.mcu.externaltools.gnu-tools-for-stm32.10.3-2021.10.win32_1.0.200.202301161003\tools\arm-none-eabi\bin\ld.exe: ./Core/Src/VS1003.o: in function `VS1003_SPI_SetSpeed':
C:/Users/hyeon/Desktop/STM32_Workspace/SPI test/Debug/../Core/Src/VS1003.c:125: undefined reference to `_Error_Handler'
collect2.exe: error: ld returned 1 exit status
make: *** [makefile:64: SPI test.elf] Error 1
"make -j12 all" terminated with exit code 2. Build might be incomplete.

00:15:42 Build Failed. 6 errors, 0 warnings. (took 726ms)

